#
# There is insufficient memory for the Java Runtime Environment to continue.
# Native memory allocation (mmap) failed to map 65536 bytes for Failed to commit metaspace.
# Possible reasons:
#   The system is out of physical RAM or swap space
#   The process is running with CompressedOops enabled, and the Java Heap may be blocking the growth of the native heap
# Possible solutions:
#   Reduce memory load on the system
#   Increase physical memory or swap space
#   Check if swap backing store is full
#   Decrease Java heap size (-Xmx/-Xms)
#   Decrease number of Java threads
#   Decrease Java thread stack sizes (-Xss)
#   Set larger code cache with -XX:ReservedCodeCacheSize=
#   JVM is running with Unscaled Compressed Oops mode in which the Java heap is
#     placed in the first 4GB address space. The Java Heap base address is the
#     maximum limit for the native heap growth. Please use -XX:HeapBaseMinAddress
#     to set the Java Heap base and to place the Java Heap above 4GB virtual address.
# This output file may be truncated or incomplete.
#
#  Out of Memory Error (virtualSpaceNode.cpp:110), pid=30384, tid=7892
#
# JRE version: OpenJDK Runtime Environment JBR-17.0.9+7-1087.11-jcef (17.0.9+7) (build 17.0.9+7-b1087.11)
# Java VM: OpenJDK 64-Bit Server VM JBR-17.0.9+7-1087.11-jcef (17.0.9+7-b1087.11, mixed mode, tiered, compressed oops, compressed class ptrs, g1 gc, windows-amd64)
# No core dump will be written. Minidumps are not enabled by default on client versions of Windows
#

---------------  S U M M A R Y ------------

Command Line: git4idea.http.GitAskPassApp Username for 'https://github.com': 

Host: AMD Ryzen 5 3500U with Radeon Vega Mobile Gfx  , 8 cores, 5G,  Windows 11 , 64 bit Build 22621 (10.0.22621.3672)
Time: Fri Jun 21 13:19:46 2024 Közép-európai nyári iduild 22621 (10.0.22621.3672) elapsed time: 1.467452 seconds (0d 0h 0m 1s)

---------------  T H R E A D  ---------------

Current thread (0x000001a3b5f92b40):  JavaThread "main" [_thread_in_vm, id=7892, stack(0x0000002d7a300000,0x0000002d7a400000)]

Stack: [0x0000002d7a300000,0x0000002d7a400000]
Native frames: (J=compiled Java code, j=interpreted, Vv=VM code, C=native code)
V  [jvm.dll+0x688349]
V  [jvm.dll+0x841bfa]
V  [jvm.dll+0x84383e]
V  [jvm.dll+0x843ea3]
V  [jvm.dll+0x24bdef]
V  [jvm.dll+0x83cbdb]
V  [jvm.dll+0x62c746]
V  [jvm.dll+0x62c7aa]
V  [jvm.dll+0x62efda]
V  [jvm.dll+0x62d0e6]
V  [jvm.dll+0x240ec0]
V  [jvm.dll+0x1efb1b]
V  [jvm.dll+0x1e543c]
V  [jvm.dll+0x54de4c]
V  [jvm.dll+0x1f5feb]
V  [jvm.dll+0x7ba30b]
V  [jvm.dll+0x7bb77c]
V  [jvm.dll+0x7bbff3]
V  [jvm.dll+0x1f0414]
V  [jvm.dll+0x1e5455]
V  [jvm.dll+0x54de4c]
V  [jvm.dll+0x1f5feb]
V  [jvm.dll+0x7ba30b]
V  [jvm.dll+0x7bb77c]
V  [jvm.dll+0x7bbac8]
V  [jvm.dll+0x24384e]
V  [jvm.dll+0x387f4e]
C  0x000001a3c244b5a5

The last pc belongs to new (printed below).
Java frames: (J=compiled Java code, j=interpreted, Vv=VM code)
j  java.util.stream.StreamSupport.stream(Ljava/util/Spliterator;Z)Ljava/util/stream/Stream;+5 java.base@17.0.9
j  java.util.Collection.stream()Ljava/util/stream/Stream;+7 java.base@17.0.9
j  java.lang.ModuleLayer.layers(Ljava/lang/ClassLoader;)Ljava/util/stream/Stream;+16 java.base@17.0.9
j  java.lang.System$2.layers(Ljava/lang/ClassLoader;)Ljava/util/stream/Stream;+1 java.base@17.0.9
j  java.util.ServiceLoader$ModuleServicesLookupIterator.iteratorFor(Ljava/lang/ClassLoader;)Ljava/util/Iterator;+75 java.base@17.0.9
j  java.util.ServiceLoader$ModuleServicesLookupIterator.<init>(Ljava/util/ServiceLoader;)V+23 java.base@17.0.9
j  java.util.ServiceLoader.newLookupIterator()Ljava/util/Iterator;+49 java.base@17.0.9
j  java.util.ServiceLoader.iterator()Ljava/util/Iterator;+9 java.base@17.0.9
j  sun.security.jca.ProviderConfig$ProviderLoader.load(Ljava/lang/String;)Ljava/security/Provider;+40 java.base@17.0.9
j  sun.security.jca.ProviderConfig$3.run()Ljava/security/Provider;+44 java.base@17.0.9
j  sun.security.jca.ProviderConfig$3.run()Ljava/lang/Object;+1 java.base@17.0.9
j  java.security.AccessController.executePrivileged(Ljava/security/PrivilegedAction;Ljava/security/AccessControlContext;Ljava/lang/Class;)Ljava/lang/Object;+29 java.base@17.0.9
j  java.security.AccessController.doPrivileged(Ljava/security/PrivilegedAction;)Ljava/lang/Object;+5 java.base@17.0.9
j  sun.security.jca.ProviderConfig.doLoadProvider()Ljava/security/Provider;+8 java.base@17.0.9
j  sun.security.jca.ProviderConfig.getProvider()Ljava/security/Provider;+281 java.base@17.0.9
j  sun.security.jca.ProviderList.getProvider(I)Ljava/security/Provider;+6 java.base@17.0.9
j  sun.security.jca.ProviderList.getService(Ljava/lang/String;Ljava/lang/String;)Ljava/security/Provider$Service;+90 java.base@17.0.9
j  sun.security.jca.GetInstance.getInstance(Ljava/lang/String;Ljava/lang/Class;Ljava/lang/String;)Lsun/security/jca/GetInstance$Instance;+7 java.base@17.0.9
j  javax.net.ssl.SSLContext.getInstance(Ljava/lang/String;)Ljavax/net/ssl/SSLContext;+12 java.base@17.0.9
j  externalApp.ExternalAppUtil.sendIdeRequest(Ljava/lang/String;ILjava/lang/String;Ljava/lang/String;)LexternalApp/ExternalAppUtil$Result;+34
j  git4idea.http.GitAskPassApp.main([Ljava/lang/String;)V+37
v  ~StubRoutines::call_stub
new  187 new  [0x000001a3c244b420, 0x000001a3c244b640]  544 bytes
[MachCode]
  0x000001a3c244b420: 4883 ec08 | c5fa 1104 | 24eb 1f48 | 83ec 10c5 | fb11 0424 | eb14 4883 | ec10 4889 | 0424 48c7 
  0x000001a3c244b440: 4424 0800 | 0000 00eb | 0150 410f | b755 010f | cac1 ea10 | 488b 4de8 | 488b 4908 | 488b 4908 
  0x000001a3c244b460: 488b 4108 | 807c 1004 | 070f 85d6 | 0000 0066 | 8b54 d148 | 488b 4928 | 488b 4cd1 | 0851 80b9 
  0x000001a3c244b480: 5b01 0000 | 040f 85b9 | 0000 008b | 5108 f7c2 | 0100 0000 | 0f85 aa00 | 0000 498b | 8708 0100 
  0x000001a3c244b4a0: 0048 8d1c | 1049 3b9f | 1801 0000 | 0f87 9200 | 0000 4989 | 9f08 0100 | 00e9 0000 | 0000 4883 
  0x000001a3c244b4c0: ea10 0f84 | 0f00 0000 | 33c9 c1ea | 0348 894c | d008 48ff | ca75 f648 | c700 0100 | 0000 5933 
  0x000001a3c244b4e0: f689 700c | 48c1 e903 | 8948 0849 | ba3e 294b | 59fb 7f00 | 0041 803a | 000f 8440 | 0000 0050 
  0x000001a3c244b500: 488b c848 | 83ec 20f7 | c40f 0000 | 000f 841a | 0000 0048 | 83ec 0849 | bad0 ea00 | 59fb 7f00 
  0x000001a3c244b520: 0041 ffd2 | 4883 c408 | e90d 0000 | 0049 bad0 | ea00 59fb | 7f00 0041 | ffd2 4883 | c420 58e9 
  0x000001a3c244b540: cd00 0000 | 5948 8b55 | e848 8b52 | 0848 8b52 | 0845 0fb7 | 4501 410f | c841 c1e8 | 10e8 0500 
  0x000001a3c244b560: 0000 e9aa | 0000 0048 | 8d44 2408 | 4c89 6dc0 | 498b cfc5 | f877 4989 | afa8 0200 | 0049 8987 
  0x000001a3c244b580: 9802 0000 | 4883 ec20 | f7c4 0f00 | 0000 0f84 | 1a00 0000 | 4883 ec08 | 49ba 007f | ca58 fb7f 
  0x000001a3c244b5a0: 0000 41ff | d248 83c4 | 08e9 0d00 | 0000 49ba | 007f ca58 | fb7f 0000 | 41ff d248 | 83c4 2049 
  0x000001a3c244b5c0: c787 9802 | 0000 0000 | 0000 49c7 | 87a8 0200 | 0000 0000 | 0049 c787 | a002 0000 | 0000 0000 
  0x000001a3c244b5e0: c5f8 7749 | 817f 0800 | 0000 000f | 8405 0000 | 00e9 0a59 | feff 498b | 87f0 0200 | 0049 c787 
  0x000001a3c244b600: f002 0000 | 0000 0000 | 4c8b 6dc0 | 4c8b 75c8 | c341 0fb6 | 5d03 4983 | c503 49ba | 408f 4d59 
  0x000001a3c244b620: fb7f 0000 | 41ff 24da | 0000 0000 | 0000 0000 | 0000 0000 | 0000 0000 | 0000 0000 | 0000 0000 
[/MachCode]

---------------  P R O C E S S  ---------------

Threads class SMR info:
_java_thread_list=0x000001a3d51844f0, length=12, elements={
0x000001a3b5f92b40, 0x000001a3d0c5c250, 0x000001a3d0c5e0e0, 0x000001a3d500abe0,
0x000001a3d500d4c0, 0x000001a3d500de80, 0x000001a3d50283f0, 0x000001a3d5028ff0,
0x000001a3d502b0b0, 0x000001a3d50a4740, 0x000001a3d519eff0, 0x000001a3d51a34e0
}

Java Threads: ( => current thread )
=>0x000001a3b5f92b40 JavaThread "main" [_thread_in_vm, id=7892, stack(0x0000002d7a300000,0x0000002d7a400000)]
  0x000001a3d0c5c250 JavaThread "Reference Handler" daemon [_thread_blocked, id=26976, stack(0x0000002d7aa00000,0x0000002d7ab00000)]
  0x000001a3d0c5e0e0 JavaThread "Finalizer" daemon [_thread_blocked, id=12248, stack(0x0000002d7ab00000,0x0000002d7ac00000)]
  0x000001a3d500abe0 JavaThread "Signal Dispatcher" daemon [_thread_blocked, id=29824, stack(0x0000002d7ac00000,0x0000002d7ad00000)]
  0x000001a3d500d4c0 JavaThread "Attach Listener" daemon [_thread_blocked, id=9780, stack(0x0000002d7ad00000,0x0000002d7ae00000)]
  0x000001a3d500de80 JavaThread "Service Thread" daemon [_thread_blocked, id=28984, stack(0x0000002d7ae00000,0x0000002d7af00000)]
  0x000001a3d50283f0 JavaThread "Monitor Deflation Thread" daemon [_thread_blocked, id=17872, stack(0x0000002d7af00000,0x0000002d7b000000)]
  0x000001a3d5028ff0 JavaThread "C2 CompilerThread0" daemon [_thread_blocked, id=27716, stack(0x0000002d7b000000,0x0000002d7b100000)]
  0x000001a3d502b0b0 JavaThread "C1 CompilerThread0" daemon [_thread_blocked, id=26728, stack(0x0000002d7b100000,0x0000002d7b200000)]
  0x000001a3d50a4740 JavaThread "Sweeper thread" daemon [_thread_blocked, id=21096, stack(0x0000002d7b200000,0x0000002d7b300000)]
  0x000001a3d519eff0 JavaThread "Notification Thread" daemon [_thread_blocked, id=1556, stack(0x0000002d7b300000,0x0000002d7b400000)]
  0x000001a3d51a34e0 JavaThread "Common-Cleaner" daemon [_thread_blocked, id=5708, stack(0x0000002d7b500000,0x0000002d7b600000)]

Other Threads:
  0x000001a3d0c3aa40 VMThread "VM Thread" [stack: 0x0000002d7a900000,0x0000002d7aa00000] [id=116]
  0x000001a3d50aa750 WatcherThread [stack: 0x0000002d7b400000,0x0000002d7b500000] [id=15740]
  0x000001a3b5fde330 GCTaskThread "GC Thread#0" [stack: 0x0000002d7a400000,0x0000002d7a500000] [id=15848]
  0x000001a3b5feaec0 ConcurrentGCThread "G1 Main Marker" [stack: 0x0000002d7a500000,0x0000002d7a600000] [id=4308]
  0x000001a3b5feb9b0 ConcurrentGCThread "G1 Conc#0" [stack: 0x0000002d7a600000,0x0000002d7a700000] [id=17876]
  0x000001a3b603cdd0 ConcurrentGCThread "G1 Refine#0" [stack: 0x0000002d7a700000,0x0000002d7a800000] [id=29968]
  0x000001a3d0a91650 ConcurrentGCThread "G1 Service" [stack: 0x0000002d7a800000,0x0000002d7a900000] [id=21244]

Threads with active compile tasks:

VM state: not at safepoint (normal execution)

VM Mutex/Monitor currently owned by a thread:  ([mutex/lock_event])
[0x000001a3b5da8900] Metaspace_lock - owner thread: 0x000001a3b5f92b40

Heap address: 0x00000000a1e00000, size: 1506 MB, Compressed Oops mode: 32-bit

CDS archive(s) not mapped
Compressed class space mapped at: 0x0000000100000000-0x0000000140000000, reserved size: 1073741824
Narrow klass base: 0x0000000000000000, Narrow klass shift: 3, Narrow klass range: 0x140000000

GC Precious Log:
 CPUs: 8 total, 8 available
 Memory: 6020M
 Large Page Support: Disabled
 NUMA Support: Disabled
 Compressed Oops: Enabled (32-bit)
 Heap Region Size: 1M
 Heap Min Capacity: 8M
 Heap Initial Capacity: 96M
 Heap Max Capacity: 1506M
 Pre-touch: Disabled
 Parallel Workers: 8
 Concurrent Workers: 2
 Concurrent Refinement Workers: 8
 Periodic GC: Disabled

Heap:
 garbage-first heap   total 98304K, used 1024K [0x00000000a1e00000, 0x0000000100000000)
  region size 1024K, 2 young (2048K), 0 survivors (0K)
 Metaspace       used 5493K, committed 5568K, reserved 1114112K
  class space    used 493K, committed 512K, reserved 1048576K

Heap Regions: E=young(eden), S=young(survivor), O=old, HS=humongous(starts), HC=humongous(continues), CS=collection set, F=free, OA=open archive, CA=closed archive, TAMS=top-at-mark-start (previous, next)
|   0|0x00000000a1e00000, 0x00000000a1e00000, 0x00000000a1f00000|  0%| F|  |TAMS 0x00000000a1e00000, 0x00000000a1e00000| Untracked 
|   1|0x00000000a1f00000, 0x00000000a1f00000, 0x00000000a2000000|  0%| F|  |TAMS 0x00000000a1f00000, 0x00000000a1f00000| Untracked 
|   2|0x00000000a2000000, 0x00000000a2000000, 0x00000000a2100000|  0%| F|  |TAMS 0x00000000a2000000, 0x00000000a2000000| Untracked 
|   3|0x00000000a2100000, 0x00000000a2100000, 0x00000000a2200000|  0%| F|  |TAMS 0x00000000a2100000, 0x00000000a2100000| Untracked 
|   4|0x00000000a2200000, 0x00000000a2200000, 0x00000000a2300000|  0%| F|  |TAMS 0x00000000a2200000, 0x00000000a2200000| Untracked 
|   5|0x00000000a2300000, 0x00000000a2300000, 0x00000000a2400000|  0%| F|  |TAMS 0x00000000a2300000, 0x00000000a2300000| Untracked 
|   6|0x00000000a2400000, 0x00000000a2400000, 0x00000000a2500000|  0%| F|  |TAMS 0x00000000a2400000, 0x00000000a2400000| Untracked 
|   7|0x00000000a2500000, 0x00000000a2500000, 0x00000000a2600000|  0%| F|  |TAMS 0x00000000a2500000, 0x00000000a2500000| Untracked 
|   8|0x00000000a2600000, 0x00000000a2600000, 0x00000000a2700000|  0%| F|  |TAMS 0x00000000a2600000, 0x00000000a2600000| Untracked 
|   9|0x00000000a2700000, 0x00000000a2700000, 0x00000000a2800000|  0%| F|  |TAMS 0x00000000a2700000, 0x00000000a2700000| Untracked 
|  10|0x00000000a2800000, 0x00000000a2800000, 0x00000000a2900000|  0%| F|  |TAMS 0x00000000a2800000, 0x00000000a2800000| Untracked 
|  11|0x00000000a2900000, 0x00000000a2900000, 0x00000000a2a00000|  0%| F|  |TAMS 0x00000000a2900000, 0x00000000a2900000| Untracked 
|  12|0x00000000a2a00000, 0x00000000a2a00000, 0x00000000a2b00000|  0%| F|  |TAMS 0x00000000a2a00000, 0x00000000a2a00000| Untracked 
|  13|0x00000000a2b00000, 0x00000000a2b00000, 0x00000000a2c00000|  0%| F|  |TAMS 0x00000000a2b00000, 0x00000000a2b00000| Untracked 
|  14|0x00000000a2c00000, 0x00000000a2c00000, 0x00000000a2d00000|  0%| F|  |TAMS 0x00000000a2c00000, 0x00000000a2c00000| Untracked 
|  15|0x00000000a2d00000, 0x00000000a2d00000, 0x00000000a2e00000|  0%| F|  |TAMS 0x00000000a2d00000, 0x00000000a2d00000| Untracked 
|  16|0x00000000a2e00000, 0x00000000a2e00000, 0x00000000a2f00000|  0%| F|  |TAMS 0x00000000a2e00000, 0x00000000a2e00000| Untracked 
|  17|0x00000000a2f00000, 0x00000000a2f00000, 0x00000000a3000000|  0%| F|  |TAMS 0x00000000a2f00000, 0x00000000a2f00000| Untracked 
|  18|0x00000000a3000000, 0x00000000a3000000, 0x00000000a3100000|  0%| F|  |TAMS 0x00000000a3000000, 0x00000000a3000000| Untracked 
|  19|0x00000000a3100000, 0x00000000a3100000, 0x00000000a3200000|  0%| F|  |TAMS 0x00000000a3100000, 0x00000000a3100000| Untracked 
|  20|0x00000000a3200000, 0x00000000a3200000, 0x00000000a3300000|  0%| F|  |TAMS 0x00000000a3200000, 0x00000000a3200000| Untracked 
|  21|0x00000000a3300000, 0x00000000a3300000, 0x00000000a3400000|  0%| F|  |TAMS 0x00000000a3300000, 0x00000000a3300000| Untracked 
|  22|0x00000000a3400000, 0x00000000a3400000, 0x00000000a3500000|  0%| F|  |TAMS 0x00000000a3400000, 0x00000000a3400000| Untracked 
|  23|0x00000000a3500000, 0x00000000a3500000, 0x00000000a3600000|  0%| F|  |TAMS 0x00000000a3500000, 0x00000000a3500000| Untracked 
|  24|0x00000000a3600000, 0x00000000a3600000, 0x00000000a3700000|  0%| F|  |TAMS 0x00000000a3600000, 0x00000000a3600000| Untracked 
|  25|0x00000000a3700000, 0x00000000a3700000, 0x00000000a3800000|  0%| F|  |TAMS 0x00000000a3700000, 0x00000000a3700000| Untracked 
|  26|0x00000000a3800000, 0x00000000a3800000, 0x00000000a3900000|  0%| F|  |TAMS 0x00000000a3800000, 0x00000000a3800000| Untracked 
|  27|0x00000000a3900000, 0x00000000a3900000, 0x00000000a3a00000|  0%| F|  |TAMS 0x00000000a3900000, 0x00000000a3900000| Untracked 
|  28|0x00000000a3a00000, 0x00000000a3a00000, 0x00000000a3b00000|  0%| F|  |TAMS 0x00000000a3a00000, 0x00000000a3a00000| Untracked 
|  29|0x00000000a3b00000, 0x00000000a3b00000, 0x00000000a3c00000|  0%| F|  |TAMS 0x00000000a3b00000, 0x00000000a3b00000| Untracked 
|  30|0x00000000a3c00000, 0x00000000a3c00000, 0x00000000a3d00000|  0%| F|  |TAMS 0x00000000a3c00000, 0x00000000a3c00000| Untracked 
|  31|0x00000000a3d00000, 0x00000000a3d00000, 0x00000000a3e00000|  0%| F|  |TAMS 0x00000000a3d00000, 0x00000000a3d00000| Untracked 
|  32|0x00000000a3e00000, 0x00000000a3e00000, 0x00000000a3f00000|  0%| F|  |TAMS 0x00000000a3e00000, 0x00000000a3e00000| Untracked 
|  33|0x00000000a3f00000, 0x00000000a3f00000, 0x00000000a4000000|  0%| F|  |TAMS 0x00000000a3f00000, 0x00000000a3f00000| Untracked 
|  34|0x00000000a4000000, 0x00000000a4000000, 0x00000000a4100000|  0%| F|  |TAMS 0x00000000a4000000, 0x00000000a4000000| Untracked 
|  35|0x00000000a4100000, 0x00000000a4100000, 0x00000000a4200000|  0%| F|  |TAMS 0x00000000a4100000, 0x00000000a4100000| Untracked 
|  36|0x00000000a4200000, 0x00000000a4200000, 0x00000000a4300000|  0%| F|  |TAMS 0x00000000a4200000, 0x00000000a4200000| Untracked 
|  37|0x00000000a4300000, 0x00000000a4300000, 0x00000000a4400000|  0%| F|  |TAMS 0x00000000a4300000, 0x00000000a4300000| Untracked 
|  38|0x00000000a4400000, 0x00000000a4400000, 0x00000000a4500000|  0%| F|  |TAMS 0x00000000a4400000, 0x00000000a4400000| Untracked 
|  39|0x00000000a4500000, 0x00000000a4500000, 0x00000000a4600000|  0%| F|  |TAMS 0x00000000a4500000, 0x00000000a4500000| Untracked 
|  40|0x00000000a4600000, 0x00000000a4600000, 0x00000000a4700000|  0%| F|  |TAMS 0x00000000a4600000, 0x00000000a4600000| Untracked 
|  41|0x00000000a4700000, 0x00000000a4700000, 0x00000000a4800000|  0%| F|  |TAMS 0x00000000a4700000, 0x00000000a4700000| Untracked 
|  42|0x00000000a4800000, 0x00000000a4800000, 0x00000000a4900000|  0%| F|  |TAMS 0x00000000a4800000, 0x00000000a4800000| Untracked 
|  43|0x00000000a4900000, 0x00000000a4900000, 0x00000000a4a00000|  0%| F|  |TAMS 0x00000000a4900000, 0x00000000a4900000| Untracked 
|  44|0x00000000a4a00000, 0x00000000a4a00000, 0x00000000a4b00000|  0%| F|  |TAMS 0x00000000a4a00000, 0x00000000a4a00000| Untracked 
|  45|0x00000000a4b00000, 0x00000000a4b00000, 0x00000000a4c00000|  0%| F|  |TAMS 0x00000000a4b00000, 0x00000000a4b00000| Untracked 
|  46|0x00000000a4c00000, 0x00000000a4c00000, 0x00000000a4d00000|  0%| F|  |TAMS 0x00000000a4c00000, 0x00000000a4c00000| Untracked 
|  47|0x00000000a4d00000, 0x00000000a4d00000, 0x00000000a4e00000|  0%| F|  |TAMS 0x00000000a4d00000, 0x00000000a4d00000| Untracked 
|  48|0x00000000a4e00000, 0x00000000a4e00000, 0x00000000a4f00000|  0%| F|  |TAMS 0x00000000a4e00000, 0x00000000a4e00000| Untracked 
|  49|0x00000000a4f00000, 0x00000000a4f00000, 0x00000000a5000000|  0%| F|  |TAMS 0x00000000a4f00000, 0x00000000a4f00000| Untracked 
|  50|0x00000000a5000000, 0x00000000a5000000, 0x00000000a5100000|  0%| F|  |TAMS 0x00000000a5000000, 0x00000000a5000000| Untracked 
|  51|0x00000000a5100000, 0x00000000a5100000, 0x00000000a5200000|  0%| F|  |TAMS 0x00000000a5100000, 0x00000000a5100000| Untracked 
|  52|0x00000000a5200000, 0x00000000a5200000, 0x00000000a5300000|  0%| F|  |TAMS 0x00000000a5200000, 0x00000000a5200000| Untracked 
|  53|0x00000000a5300000, 0x00000000a5300000, 0x00000000a5400000|  0%| F|  |TAMS 0x00000000a5300000, 0x00000000a5300000| Untracked 
|  54|0x00000000a5400000, 0x00000000a5400000, 0x00000000a5500000|  0%| F|  |TAMS 0x00000000a5400000, 0x00000000a5400000| Untracked 
|  55|0x00000000a5500000, 0x00000000a5500000, 0x00000000a5600000|  0%| F|  |TAMS 0x00000000a5500000, 0x00000000a5500000| Untracked 
|  56|0x00000000a5600000, 0x00000000a5600000, 0x00000000a5700000|  0%| F|  |TAMS 0x00000000a5600000, 0x00000000a5600000| Untracked 
|  57|0x00000000a5700000, 0x00000000a5700000, 0x00000000a5800000|  0%| F|  |TAMS 0x00000000a5700000, 0x00000000a5700000| Untracked 
|  58|0x00000000a5800000, 0x00000000a5800000, 0x00000000a5900000|  0%| F|  |TAMS 0x00000000a5800000, 0x00000000a5800000| Untracked 
|  59|0x00000000a5900000, 0x00000000a5900000, 0x00000000a5a00000|  0%| F|  |TAMS 0x00000000a5900000, 0x00000000a5900000| Untracked 
|  60|0x00000000a5a00000, 0x00000000a5a00000, 0x00000000a5b00000|  0%| F|  |TAMS 0x00000000a5a00000, 0x00000000a5a00000| Untracked 
|  61|0x00000000a5b00000, 0x00000000a5b00000, 0x00000000a5c00000|  0%| F|  |TAMS 0x00000000a5b00000, 0x00000000a5b00000| Untracked 
|  62|0x00000000a5c00000, 0x00000000a5c00000, 0x00000000a5d00000|  0%| F|  |TAMS 0x00000000a5c00000, 0x00000000a5c00000| Untracked 
|  63|0x00000000a5d00000, 0x00000000a5d00000, 0x00000000a5e00000|  0%| F|  |TAMS 0x00000000a5d00000, 0x00000000a5d00000| Untracked 
|  64|0x00000000a5e00000, 0x00000000a5e00000, 0x00000000a5f00000|  0%| F|  |TAMS 0x00000000a5e00000, 0x00000000a5e00000| Untracked 
|  65|0x00000000a5f00000, 0x00000000a5f00000, 0x00000000a6000000|  0%| F|  |TAMS 0x00000000a5f00000, 0x00000000a5f00000| Untracked 
|  66|0x00000000a6000000, 0x00000000a6000000, 0x00000000a6100000|  0%| F|  |TAMS 0x00000000a6000000, 0x00000000a6000000| Untracked 
|  67|0x00000000a6100000, 0x00000000a6100000, 0x00000000a6200000|  0%| F|  |TAMS 0x00000000a6100000, 0x00000000a6100000| Untracked 
|  68|0x00000000a6200000, 0x00000000a6200000, 0x00000000a6300000|  0%| F|  |TAMS 0x00000000a6200000, 0x00000000a6200000| Untracked 
|  69|0x00000000a6300000, 0x00000000a6300000, 0x00000000a6400000|  0%| F|  |TAMS 0x00000000a6300000, 0x00000000a6300000| Untracked 
|  70|0x00000000a6400000, 0x00000000a6400000, 0x00000000a6500000|  0%| F|  |TAMS 0x00000000a6400000, 0x00000000a6400000| Untracked 
|  71|0x00000000a6500000, 0x00000000a6500000, 0x00000000a6600000|  0%| F|  |TAMS 0x00000000a6500000, 0x00000000a6500000| Untracked 
|  72|0x00000000a6600000, 0x00000000a6600000, 0x00000000a6700000|  0%| F|  |TAMS 0x00000000a6600000, 0x00000000a6600000| Untracked 
|  73|0x00000000a6700000, 0x00000000a6700000, 0x00000000a6800000|  0%| F|  |TAMS 0x00000000a6700000, 0x00000000a6700000| Untracked 
|  74|0x00000000a6800000, 0x00000000a6800000, 0x00000000a6900000|  0%| F|  |TAMS 0x00000000a6800000, 0x00000000a6800000| Untracked 
|  75|0x00000000a6900000, 0x00000000a6900000, 0x00000000a6a00000|  0%| F|  |TAMS 0x00000000a6900000, 0x00000000a6900000| Untracked 
|  76|0x00000000a6a00000, 0x00000000a6a00000, 0x00000000a6b00000|  0%| F|  |TAMS 0x00000000a6a00000, 0x00000000a6a00000| Untracked 
|  77|0x00000000a6b00000, 0x00000000a6b00000, 0x00000000a6c00000|  0%| F|  |TAMS 0x00000000a6b00000, 0x00000000a6b00000| Untracked 
|  78|0x00000000a6c00000, 0x00000000a6c00000, 0x00000000a6d00000|  0%| F|  |TAMS 0x00000000a6c00000, 0x00000000a6c00000| Untracked 
|  79|0x00000000a6d00000, 0x00000000a6d00000, 0x00000000a6e00000|  0%| F|  |TAMS 0x00000000a6d00000, 0x00000000a6d00000| Untracked 
|  80|0x00000000a6e00000, 0x00000000a6e00000, 0x00000000a6f00000|  0%| F|  |TAMS 0x00000000a6e00000, 0x00000000a6e00000| Untracked 
|  81|0x00000000a6f00000, 0x00000000a6f00000, 0x00000000a7000000|  0%| F|  |TAMS 0x00000000a6f00000, 0x00000000a6f00000| Untracked 
|  82|0x00000000a7000000, 0x00000000a7000000, 0x00000000a7100000|  0%| F|  |TAMS 0x00000000a7000000, 0x00000000a7000000| Untracked 
|  83|0x00000000a7100000, 0x00000000a7100000, 0x00000000a7200000|  0%| F|  |TAMS 0x00000000a7100000, 0x00000000a7100000| Untracked 
|  84|0x00000000a7200000, 0x00000000a7200000, 0x00000000a7300000|  0%| F|  |TAMS 0x00000000a7200000, 0x00000000a7200000| Untracked 
|  85|0x00000000a7300000, 0x00000000a7300000, 0x00000000a7400000|  0%| F|  |TAMS 0x00000000a7300000, 0x00000000a7300000| Untracked 
|  86|0x00000000a7400000, 0x00000000a7400000, 0x00000000a7500000|  0%| F|  |TAMS 0x00000000a7400000, 0x00000000a7400000| Untracked 
|  87|0x00000000a7500000, 0x00000000a7500000, 0x00000000a7600000|  0%| F|  |TAMS 0x00000000a7500000, 0x00000000a7500000| Untracked 
|  88|0x00000000a7600000, 0x00000000a7600000, 0x00000000a7700000|  0%| F|  |TAMS 0x00000000a7600000, 0x00000000a7600000| Untracked 
|  89|0x00000000a7700000, 0x00000000a7700000, 0x00000000a7800000|  0%| F|  |TAMS 0x00000000a7700000, 0x00000000a7700000| Untracked 
|  90|0x00000000a7800000, 0x00000000a7800000, 0x00000000a7900000|  0%| F|  |TAMS 0x00000000a7800000, 0x00000000a7800000| Untracked 
|  91|0x00000000a7900000, 0x00000000a7900000, 0x00000000a7a00000|  0%| F|  |TAMS 0x00000000a7900000, 0x00000000a7900000| Untracked 
|  92|0x00000000a7a00000, 0x00000000a7a00000, 0x00000000a7b00000|  0%| F|  |TAMS 0x00000000a7a00000, 0x00000000a7a00000| Untracked 
|  93|0x00000000a7b00000, 0x00000000a7b00000, 0x00000000a7c00000|  0%| F|  |TAMS 0x00000000a7b00000, 0x00000000a7b00000| Untracked 
|  94|0x00000000a7c00000, 0x00000000a7cec090, 0x00000000a7d00000| 92%| E|  |TAMS 0x00000000a7c00000, 0x00000000a7c00000| Complete 
|  95|0x00000000a7d00000, 0x00000000a7e00000, 0x00000000a7e00000|100%| E|CS|TAMS 0x00000000a7d00000, 0x00000000a7d00000| Complete 

Card table byte_map: [0x000001a3cac60000,0x000001a3caf60000] _byte_map_base: 0x000001a3ca751000

Marking Bits (Prev, Next): (CMBitMap*) 0x000001a3b5fde950, (CMBitMap*) 0x000001a3b5fde990
 Prev Bits: [0x000001a3cb260000, 0x000001a3cc9e8000)
 Next Bits: [0x000001a3cc9f0000, 0x000001a3ce178000)

Polling page: 0x000001a3b6040000

Metaspace:

Usage:
  Non-class:      4.88 MB used.
      Class:    493.84 KB used.
       Both:      5.36 MB used.

Virtual space:
  Non-class space:       64.00 MB reserved,       4.94 MB (  8%) committed,  1 nodes.
      Class space:        1.00 GB reserved,     512.00 KB ( <1%) committed,  1 nodes.
             Both:        1.06 GB reserved,       5.44 MB ( <1%) committed. 

Chunk freelists:
   Non-Class:  10.99 MB
       Class:  15.51 MB
        Both:  26.50 MB

MaxMetaspaceSize: unlimited
CompressedClassSpaceSize: 1.00 GB
Initial GC threshold: 21.00 MB
Current GC threshold: 21.00 MB
CDS: off
MetaspaceReclaimPolicy: balanced
 - commit_granule_bytes: 65536.
 - commit_granule_words: 8192.
 - virtual_space_node_default_size: 8388608.
 - enlarge_chunks_in_place: 1.
 - new_chunks_are_fully_committed: 0.
 - uncommit_free_chunks: 1.
 - use_allocation_guard: 0.
 - handle_deallocations: 1.


Internal statistics:

num_allocs_failed_limit: 0.
num_arena_births: 4.
num_arena_deaths: 0.
num_vsnodes_births: 2.
num_vsnodes_deaths: 0.
num_space_committed: 87.
num_space_uncommitted: 0.
num_chunks_returned_to_freelist: 0.
num_chunks_taken_from_freelist: 12.
num_chunk_merges: 0.
num_chunk_splits: 5.
num_chunks_enlarged: 1.
num_inconsistent_stats: 0.

CodeHeap 'non-profiled nmethods': size=120000Kb used=25Kb max_used=25Kb free=119974Kb
 bounds [0x000001a3c29d0000, 0x000001a3c2c40000, 0x000001a3c9f00000]
CodeHeap 'profiled nmethods': size=120000Kb used=210Kb max_used=210Kb free=119789Kb
 bounds [0x000001a3baf00000, 0x000001a3bb170000, 0x000001a3c2430000]
CodeHeap 'non-nmethods': size=5760Kb used=1071Kb max_used=1085Kb free=4688Kb
 bounds [0x000001a3c2430000, 0x000001a3c26a0000, 0x000001a3c29d0000]
 total_blobs=484 nmethods=145 adapters=252
 compilation: enabled
              stopped_count=0, restarted_count=0
 full_count=0

Compilation events (20 events):
Event: 1.441 Thread 0x000001a3d502b0b0  136       3       java.util.HashMap$HashIterator::nextNode (100 bytes)
Event: 1.442 Thread 0x000001a3d502b0b0 nmethod 136 0x000001a3baf32a90 code [0x000001a3baf32c80, 0x000001a3baf331b8]
Event: 1.442 Thread 0x000001a3d502b0b0  137       3       java.util.HashMap$EntryIterator::next (5 bytes)
Event: 1.442 Thread 0x000001a3d502b0b0 nmethod 137 0x000001a3baf33390 code [0x000001a3baf33540, 0x000001a3baf336c8]
Event: 1.442 Thread 0x000001a3d502b0b0  138       3       java.util.HashMap$EntryIterator::next (5 bytes)
Event: 1.442 Thread 0x000001a3d502b0b0 nmethod 138 0x000001a3baf33790 code [0x000001a3baf33920, 0x000001a3baf33a68]
Event: 1.443 Thread 0x000001a3d502b0b0  139       3       java.util.HashSet::add (20 bytes)
Event: 1.443 Thread 0x000001a3d502b0b0 nmethod 139 0x000001a3baf33b10 code [0x000001a3baf33cc0, 0x000001a3baf33ee8]
Event: 1.444 Thread 0x000001a3d502b0b0  140       3       java.util.ArrayList$Itr::hasNext (20 bytes)
Event: 1.444 Thread 0x000001a3d502b0b0 nmethod 140 0x000001a3baf33f90 code [0x000001a3baf34120, 0x000001a3baf34298]
Event: 1.444 Thread 0x000001a3d502b0b0  141       3       java.util.HashMap$HashIterator::hasNext (13 bytes)
Event: 1.444 Thread 0x000001a3d502b0b0 nmethod 141 0x000001a3baf34390 code [0x000001a3baf34520, 0x000001a3baf34698]
Event: 1.444 Thread 0x000001a3d502b0b0  142       3       java.util.AbstractSet::<init> (5 bytes)
Event: 1.444 Thread 0x000001a3d502b0b0 nmethod 142 0x000001a3baf34710 code [0x000001a3baf348c0, 0x000001a3baf34a78]
Event: 1.444 Thread 0x000001a3d502b0b0  143       1       java.security.Provider$Service::getType (5 bytes)
Event: 1.444 Thread 0x000001a3d502b0b0 nmethod 143 0x000001a3c29d5e10 code [0x000001a3c29d5fa0, 0x000001a3c29d6078]
Event: 1.445 Thread 0x000001a3d502b0b0  144       1       java.security.Provider$Service::getAlgorithm (5 bytes)
Event: 1.445 Thread 0x000001a3d502b0b0 nmethod 144 0x000001a3c29d6110 code [0x000001a3c29d62a0, 0x000001a3c29d6378]
Event: 1.445 Thread 0x000001a3d502b0b0  145       1       java.security.Provider$Service::getAliases (5 bytes)
Event: 1.445 Thread 0x000001a3d502b0b0 nmethod 145 0x000001a3c29d6410 code [0x000001a3c29d65a0, 0x000001a3c29d6678]

GC Heap History (0 events):
No events

Dll operation events (1 events):
Event: 0.118 Loaded shared library C:\Users\macko\AppData\Local\Programs\Rider\jbr\bin\java.dll

Deoptimization events (0 events):
No events

Classes unloaded (0 events):
No events

Classes redefined (0 events):
No events

Internal exceptions (0 events):
No events

VM Operations (4 events):
Event: 1.292 Executing VM operation: HandshakeAllThreads
Event: 1.292 Executing VM operation: HandshakeAllThreads done
Event: 1.374 Executing VM operation: HandshakeAllThreads
Event: 1.374 Executing VM operation: HandshakeAllThreads done

Events (20 events):
Event: 1.448 loading class java/util/Spliterators$EmptySpliterator$OfInt
Event: 1.448 loading class java/util/Spliterator$OfInt
Event: 1.448 loading class java/util/Spliterator$OfPrimitive
Event: 1.449 loading class java/util/Spliterator$OfPrimitive done
Event: 1.449 loading class java/util/Spliterator$OfInt done
Event: 1.449 loading class java/util/Spliterators$EmptySpliterator$OfInt done
Event: 1.449 loading class java/util/Spliterators$EmptySpliterator$OfLong
Event: 1.449 loading class java/util/Spliterator$OfLong
Event: 1.449 loading class java/util/Spliterator$OfLong done
Event: 1.449 loading class java/util/Spliterators$EmptySpliterator$OfLong done
Event: 1.449 loading class java/util/Spliterators$EmptySpliterator$OfDouble
Event: 1.449 loading class java/util/Spliterator$OfDouble
Event: 1.449 loading class java/util/Spliterator$OfDouble done
Event: 1.449 loading class java/util/Spliterators$EmptySpliterator$OfDouble done
Event: 1.449 loading class java/util/Spliterators$ArraySpliterator
Event: 1.449 loading class java/util/Spliterators$ArraySpliterator done
Event: 1.450 loading class java/util/stream/StreamSupport
Event: 1.450 loading class java/util/stream/StreamSupport done
Event: 1.450 loading class java/util/stream/ReferencePipeline$Head
Event: 1.451 loading class java/util/stream/ReferencePipeline


Dynamic libraries:
0x00007ff7ed5e0000 - 0x00007ff7ed5ea000 	C:\Users\macko\AppData\Local\Programs\Rider\jbr\bin\java.exe
0x00007ffbc4c50000 - 0x00007ffbc4e67000 	C:\WINDOWS\SYSTEM32\ntdll.dll
0x00007ffb98330000 - 0x00007ffb98349000 	C:\Program Files\Avast Software\Avast\aswhook.dll
0x00007ffbc3de0000 - 0x00007ffbc3ea4000 	C:\WINDOWS\System32\KERNEL32.DLL
0x00007ffbc24a0000 - 0x00007ffbc284c000 	C:\WINDOWS\System32\KERNELBASE.dll
0x00007ffbc21b0000 - 0x00007ffbc22c1000 	C:\WINDOWS\System32\ucrtbase.dll
0x00007ffb95240000 - 0x00007ffb95257000 	C:\Users\macko\AppData\Local\Programs\Rider\jbr\bin\jli.dll
0x00007ffbc44a0000 - 0x00007ffbc464e000 	C:\WINDOWS\System32\USER32.dll
0x00007ffbc2350000 - 0x00007ffbc2376000 	C:\WINDOWS\System32\win32u.dll
0x00007ffbc3270000 - 0x00007ffbc3299000 	C:\WINDOWS\System32\GDI32.dll
0x00007ffbc2380000 - 0x00007ffbc2499000 	C:\WINDOWS\System32\gdi32full.dll
0x00007ffbc28f0000 - 0x00007ffbc298a000 	C:\WINDOWS\System32\msvcp_win.dll
0x00007ffbb0ad0000 - 0x00007ffbb0aeb000 	C:\Users\macko\AppData\Local\Programs\Rider\jbr\bin\VCRUNTIME140.dll
0x00007ffba5930000 - 0x00007ffba5bc3000 	C:\WINDOWS\WinSxS\amd64_microsoft.windows.common-controls_6595b64144ccf1df_6.0.22621.3672_none_2713b9d173822955\COMCTL32.dll
0x00007ffbc2db0000 - 0x00007ffbc2e57000 	C:\WINDOWS\System32\msvcrt.dll
0x00007ffbc2d60000 - 0x00007ffbc2d91000 	C:\WINDOWS\System32\IMM32.DLL
0x00007ffbb0ac0000 - 0x00007ffbb0acc000 	C:\Users\macko\AppData\Local\Programs\Rider\jbr\bin\vcruntime140_1.dll
0x00007ffb87a60000 - 0x00007ffb87aed000 	C:\Users\macko\AppData\Local\Programs\Rider\jbr\bin\msvcp140.dll
0x00007ffb58920000 - 0x00007ffb595a2000 	C:\Users\macko\AppData\Local\Programs\Rider\jbr\bin\server\jvm.dll
0x00007ffbc2ca0000 - 0x00007ffbc2d52000 	C:\WINDOWS\System32\ADVAPI32.dll
0x00007ffbc3f60000 - 0x00007ffbc400a000 	C:\WINDOWS\System32\sechost.dll
0x00007ffbc2850000 - 0x00007ffbc2878000 	C:\WINDOWS\System32\bcrypt.dll
0x00007ffbc2b80000 - 0x00007ffbc2c95000 	C:\WINDOWS\System32\RPCRT4.dll
0x00007ffbc1e40000 - 0x00007ffbc1e8d000 	C:\WINDOWS\SYSTEM32\POWRPROF.dll
0x00007ffbb55e0000 - 0x00007ffbb55e9000 	C:\WINDOWS\SYSTEM32\WSOCK32.dll
0x00007ffbc33f0000 - 0x00007ffbc3461000 	C:\WINDOWS\System32\WS2_32.dll
0x00007ffbbd830000 - 0x00007ffbbd864000 	C:\WINDOWS\SYSTEM32\WINMM.dll
0x00007ffbb9440000 - 0x00007ffbb944a000 	C:\WINDOWS\SYSTEM32\VERSION.dll
0x00007ffbc1d70000 - 0x00007ffbc1d83000 	C:\WINDOWS\SYSTEM32\UMPDC.dll
0x00007ffbc0f80000 - 0x00007ffbc0f98000 	C:\WINDOWS\SYSTEM32\kernel.appcore.dll
0x00007ffbbbc70000 - 0x00007ffbbbc7a000 	C:\Users\macko\AppData\Local\Programs\Rider\jbr\bin\jimage.dll
0x00007ffbbf980000 - 0x00007ffbbfbb2000 	C:\WINDOWS\SYSTEM32\DBGHELP.DLL
0x00007ffbc2ee0000 - 0x00007ffbc3268000 	C:\WINDOWS\System32\combase.dll
0x00007ffbc3470000 - 0x00007ffbc3547000 	C:\WINDOWS\System32\OLEAUT32.dll
0x00007ffbb81e0000 - 0x00007ffbb8212000 	C:\WINDOWS\SYSTEM32\dbgcore.DLL
0x00007ffbc22d0000 - 0x00007ffbc234b000 	C:\WINDOWS\System32\bcryptPrimitives.dll
0x00007ffbbbc40000 - 0x00007ffbbbc65000 	C:\Users\macko\AppData\Local\Programs\Rider\jbr\bin\java.dll
0x00007ffbbbc20000 - 0x00007ffbbbc38000 	C:\Users\macko\AppData\Local\Programs\Rider\jbr\bin\zip.dll
0x00007ffbc3560000 - 0x00007ffbc3dbc000 	C:\WINDOWS\System32\SHELL32.dll
0x00007ffbbfe80000 - 0x00007ffbc0777000 	C:\WINDOWS\SYSTEM32\windows.storage.dll
0x00007ffbbfd40000 - 0x00007ffbbfe7f000 	C:\WINDOWS\SYSTEM32\wintypes.dll
0x00007ffbc4aa0000 - 0x00007ffbc4b94000 	C:\WINDOWS\System32\SHCORE.dll
0x00007ffbc4bb0000 - 0x00007ffbc4c0e000 	C:\WINDOWS\System32\shlwapi.dll
0x00007ffbc1eb0000 - 0x00007ffbc1ed1000 	C:\WINDOWS\SYSTEM32\profapi.dll
0x00007ffbbaa30000 - 0x00007ffbbaa49000 	C:\Users\macko\AppData\Local\Programs\Rider\jbr\bin\net.dll
0x00007ffbbdda0000 - 0x00007ffbbded6000 	C:\WINDOWS\SYSTEM32\WINHTTP.dll
0x00007ffbc1400000 - 0x00007ffbc1469000 	C:\WINDOWS\system32\mswsock.dll
0x00007ffb9c750000 - 0x00007ffb9c766000 	C:\Users\macko\AppData\Local\Programs\Rider\jbr\bin\nio.dll

dbghelp: loaded successfully - version: 4.0.5 - missing functions: none
symbol engine: initialized successfully - sym options: 0x614 - pdb path: .;C:\Users\macko\AppData\Local\Programs\Rider\jbr\bin;C:\WINDOWS\SYSTEM32;C:\Program Files\Avast Software\Avast;C:\WINDOWS\WinSxS\amd64_microsoft.windows.common-controls_6595b64144ccf1df_6.0.22621.3672_none_2713b9d173822955;C:\Users\macko\AppData\Local\Programs\Rider\jbr\bin\server

VM Arguments:
java_command: git4idea.http.GitAskPassApp Username for 'https://github.com': 
java_class_path (initial): C:/Users/macko/AppData/Local/Programs/Rider/plugins/vcs-git/lib/git4idea-rt.jar;C:/Users/macko/AppData/Local/Programs/Rider/lib/externalProcess-rt.jar
Launcher Type: SUN_STANDARD

[Global flags]
     intx CICompilerCount                          = 4                                         {product} {ergonomic}
     uint ConcGCThreads                            = 2                                         {product} {ergonomic}
     uint G1ConcRefinementThreads                  = 8                                         {product} {ergonomic}
   size_t G1HeapRegionSize                         = 1048576                                   {product} {ergonomic}
    uintx GCDrainStackTargetSize                   = 64                                        {product} {ergonomic}
   size_t InitialHeapSize                          = 100663296                                 {product} {ergonomic}
   size_t MarkStackSize                            = 4194304                                   {product} {ergonomic}
   size_t MaxHeapSize                              = 1579155456                                {product} {ergonomic}
   size_t MaxNewSize                               = 946864128                                 {product} {ergonomic}
   size_t MinHeapDeltaBytes                        = 1048576                                   {product} {ergonomic}
   size_t MinHeapSize                              = 8388608                                   {product} {ergonomic}
    uintx NonNMethodCodeHeapSize                   = 5839372                                {pd product} {ergonomic}
    uintx NonProfiledCodeHeapSize                  = 122909434                              {pd product} {ergonomic}
    uintx ProfiledCodeHeapSize                     = 122909434                              {pd product} {ergonomic}
    uintx ReservedCodeCacheSize                    = 251658240                              {pd product} {ergonomic}
     bool SegmentedCodeCache                       = true                                      {product} {ergonomic}
   size_t SoftMaxHeapSize                          = 1579155456                             {manageable} {ergonomic}
     bool UseCompressedClassPointers               = true                           {product lp64_product} {ergonomic}
     bool UseCompressedOops                        = true                           {product lp64_product} {ergonomic}
     bool UseG1GC                                  = true                                      {product} {ergonomic}
     bool UseLargePagesIndividualAllocation        = false                                  {pd product} {ergonomic}

Logging:
Log output configuration:
 #0: stdout all=warning uptime,level,tags
 #1: stderr all=off uptime,level,tags

Environment Variables:
JAVA_HOME=C:\Program Files\Java\jdk-15.0.1
PATH=C:\Program Files\Git\mingw64\libexec\git-core;C:\Program Files\Git\mingw64\libexec\git-core;C:\Program Files\Git\mingw64\bin;C:\Program Files\Git\usr\bin;C:\Users\macko\bin;C:\Program Files\Common Files\Oracle\Java\javapath;C:\Program Files (x86)\Common Files\Oracle\Java\javapath;C:\WINDOWS\system32;C:\WINDOWS;C:\WINDOWS\System32\Wbem;C:\WINDOWS\System32\WindowsPowerShell\v1.0;C:\WINDOWS\System32\OpenSSH;C:\tools\maven\apache-maven-3.6.3\bin;C:\Program Files\Git\cmd;C:\Program Files\dotnet;C:\Program Files\nodejs;C:\Program Files\Docker\Docker\resources\bin;C:\Program Files\MySQL\MySQL Shell 8.0\bin;C:\Users\macko\AppData\Local\Microsoft\WindowsApps;C:\Program Files\Java\jdk-15.0.1\bin;C:\Users\macko\AppData\Local\GitHubDesktop\bin;C:\Users\macko\AppData\Local\Programs\Microsoft VS Code\bin;C:\Users\macko\AppData\Roaming\npm;C:\Users\macko\.dotnet\tools;C:\Users\macko\AppData\Local\JetBrains\Toolbox\scripts;C:\Users\macko\AppData\Local\Programs\Azure Data Studio\bin
USERNAME=macko
DISPLAY=:0.0
LC_ALL=en_US.UTF-8
TERM=xterm-256color
TMPDIR=C:\Users\macko\AppData\Local\Temp
OS=Windows_NT
PROCESSOR_IDENTIFIER=AMD64 Family 23 Model 24 Stepping 1, AuthenticAMD
TMP=C:\Users\macko\AppData\Local\Temp
TEMP=C:\Users\macko\AppData\Local\Temp



Periodic native trim disabled

JNI global refs:
JNI global refs: 9, weak refs: 0

JNI global refs memory usage: 843, weak refs: 209

OOME stack traces (most recent first):
Classloader memory used:
Loader bootstrap                                                                       : 684K
Loader jdk.internal.loader.ClassLoaders$AppClassLoader                                 : 1808B


---------------  S Y S T E M  ---------------

OS:
 Windows 11 , 64 bit Build 22621 (10.0.22621.3672)
OS uptime: 2 days 0:16 hours
Hyper-V role detected

CPU: total 8 (initial active 8) (8 cores per cpu, 2 threads per core) family 23 model 24 stepping 1 microcode 0x0, cx8, cmov, fxsr, ht, mmx, 3dnowpref, sse, sse2, sse3, ssse3, sse4a, sse4.1, sse4.2, popcnt, lzcnt, tsc, tscinvbit, avx, avx2, aes, clmul, bmi1, bmi2, adx, sha, fma, vzeroupper, clflush, clflushopt, hv
Processor Information for all 8 processors :
  Max Mhz: 2100, Current Mhz: 2100, Mhz Limit: 2100

Memory: 4k page, system-wide physical 6020M (121M free)
TotalPageFile size 24452M (AvailPageFile size 26M)
current process WorkingSet (physical memory assigned to process): 34M, peak: 34M
current process commit charge ("private bytes"): 171M, peak: 173M

vm_info: OpenJDK 64-Bit Server VM (17.0.9+7-b1087.11) for windows-amd64 JRE (17.0.9+7-b1087.11), built on 2024-01-05 by "builduser" with MS VC++ 16.10 / 16.11 (VS2019)

END.
